[primary/gallery.html]
[demo.w3layouts.com/demos_new/template_demo/31-05-2019/fashion_mantra-demo_Free/1818597229/web/index.html]
[backblue.gif]
[fade.gif]
[index.html]
[demo.w3layouts.com/demos_new/template_demo/31-05-2019/fashion_mantra-demo_Free/1818597229/web/css/bootstrap.css]
[demo.w3layouts.com/demos_new/template_demo/31-05-2019/fashion_mantra-demo_Free/1818597229/web/css/style.css]
[demo.w3layouts.com/demos_new/template_demo/31-05-2019/fashion_mantra-demo_Free/1818597229/web/css/font-awesome.min.css]
[ajax.googleapis.com/ajax/libs/jquery/1.10.2/jquery.min.js]
[codefund.io/properties/441/funder.js]
[m.servedby-buysellads.com/monetization.js]
[demo.w3layouts.com/images/demobar_w3_4thDec2019.css]
[demo.w3layouts.com/demos_new/template_demo/31-05-2019/fashion_mantra-demo_Free/1818597229/web/images/about11.jpg]
[demo.w3layouts.com/js/autotrack.js]
[demo.w3layouts.com/demos_new/template_demo/31-05-2019/fashion_mantra-demo_Free/1818597229/web/images/about1.jpg]
[demo.w3layouts.com/demos_new/template_demo/31-05-2019/fashion_mantra-demo_Free/1818597229/web/images/about2.jpg]
[demo.w3layouts.com/demos_new/template_demo/31-05-2019/fashion_mantra-demo_Free/1818597229/web/images/about3.jpg]
[demo.w3layouts.com/demos_new/template_demo/31-05-2019/fashion_mantra-demo_Free/1818597229/web/images/t1.jpg]
[demo.w3layouts.com/demos_new/template_demo/31-05-2019/fashion_mantra-demo_Free/1818597229/web/images/t2.jpg]
[demo.w3layouts.com/demos_new/template_demo/31-05-2019/fashion_mantra-demo_Free/1818597229/web/images/t3.jpg]
[demo.w3layouts.com/demos_new/template_demo/31-05-2019/fashion_mantra-demo_Free/1818597229/web/images/ga1.jpg]
[demo.w3layouts.com/demos_new/template_demo/31-05-2019/fashion_mantra-demo_Free/1818597229/web/images/ga2.jpg]
[demo.w3layouts.com/demos_new/template_demo/31-05-2019/fashion_mantra-demo_Free/1818597229/web/images/ga3.jpg]
[demo.w3layouts.com/demos_new/template_demo/31-05-2019/fashion_mantra-demo_Free/1818597229/web/images/ga4.jpg]
[demo.w3layouts.com/demos_new/template_demo/31-05-2019/fashion_mantra-demo_Free/1818597229/web/images/test2.jpg]
[demo.w3layouts.com/demos_new/template_demo/31-05-2019/fashion_mantra-demo_Free/1818597229/web/index.html]
[primary/gallery.html]
[demo.w3layouts.com/demos_new/template_demo/31-05-2019/fashion_mantra-demo_Free/1818597229/web/css/bootstrap.css]
[demo.w3layouts.com/demos_new/template_demo/31-05-2019/fashion_mantra-demo_Free/1818597229/web/images/banner_3.jpg]
[demo.w3layouts.com/demos_new/template_demo/31-05-2019/fashion_mantra-demo_Free/1818597229/web/images/banner_2.jpg]
[demo.w3layouts.com/demos_new/template_demo/31-05-2019/fashion_mantra-demo_Free/1818597229/web/images/bann1.jpg]
[demo.w3layouts.com/demos_new/template_demo/31-05-2019/fashion_mantra-demo_Free/1818597229/web/images/test1.jpg]
[demo.w3layouts.com/demos_new/template_demo/31-05-2019/fashion_mantra-demo_Free/1818597229/web/images/banner1.jpg]
[demo.w3layouts.com/demos_new/template_demo/31-05-2019/fashion_mantra-demo_Free/1818597229/web/css/style.css]
[demo.w3layouts.com/demos_new/template_demo/31-05-2019/fashion_mantra-demo_Free/1818597229/web/fonts/fontawesome-webfont3e6e.eot]
[demo.w3layouts.com/demos_new/template_demo/31-05-2019/fashion_mantra-demo_Free/1818597229/web/fonts/fontawesome-webfont3e6e.woff2]
[demo.w3layouts.com/demos_new/template_demo/31-05-2019/fashion_mantra-demo_Free/1818597229/web/fonts/fontawesome-webfontd41d.eot]
[demo.w3layouts.com/demos_new/template_demo/31-05-2019/fashion_mantra-demo_Free/1818597229/web/fonts/fontawesome-webfont3e6e.woff]
[demo.w3layouts.com/demos_new/template_demo/31-05-2019/fashion_mantra-demo_Free/1818597229/web/fonts/fontawesome-webfont3e6e.ttf]
[demo.w3layouts.com/demos_new/template_demo/31-05-2019/fashion_mantra-demo_Free/1818597229/web/css/font-awesome.min.css]
[demo.w3layouts.com/images/W3Layouts-light.html]
[demo.w3layouts.com/images/demobar_w3_4thDec2019.css]
[demo.w3layouts.com/demos_new/template_demo/31-05-2019/fashion_mantra-demo_Free/1818597229/web/fonts/fontawesome-webfont3e6e.svg]
[demo.w3layouts.com/demos_new/template_demo/31-05-2019/fashion_mantra-demo_Free/1818597229/web/fonts/fontawesome-webfont3e6e.svg]
[demo.w3layouts.com/assets/css/fonts/linecons/css/linecons.html]
[demo.w3layouts.com/assets/css/fonts/fontawesome/css/font-awesome.min.html]
[demo.w3layouts.com/assets/css/bootstrap.html]
[demo.w3layouts.com/assets/css/xenon-core.html]
[demo.w3layouts.com/assets/css/xenon-forms.html]
[demo.w3layouts.com/assets/css/xenon-components.html]
[demo.w3layouts.com/assets/css/xenon-skins.html]
[demo.w3layouts.com/assets/css/custom.html]
[demo.w3layouts.com/assets/js/jquery-1.11.1.min.html]
[demo.w3layouts.com/assets/js/bootstrap.min.html]
[demo.w3layouts.com/assets/js/TweenMax.min.html]
[demo.w3layouts.com/assets/js/resizeable.html]
[demo.w3layouts.com/assets/js/joinable.html]
[demo.w3layouts.com/assets/js/xenon-api.html]
[demo.w3layouts.com/assets/js/xenon-toggles.html]
[demo.w3layouts.com/assets/js/xenon-custom.html]
[demo.w3layouts.com/images/W3Layouts-light.html]
[demo.w3layouts.com/assets/css/fonts/linecons/css/linecons.html]
[demo.w3layouts.com/assets/css/fonts/fontawesome/css/font-awesome.min.html]
[demo.w3layouts.com/assets/css/bootstrap.html]
[demo.w3layouts.com/assets/css/xenon-core.html]
[demo.w3layouts.com/assets/css/xenon-forms.html]
[demo.w3layouts.com/assets/css/xenon-components.html]
[demo.w3layouts.com/assets/css/xenon-skins.html]
[demo.w3layouts.com/assets/css/custom.html]
[demo.w3layouts.com/assets/js/jquery-1.11.1.min.html]
[demo.w3layouts.com/assets/js/bootstrap.min.html]
[demo.w3layouts.com/assets/js/TweenMax.min.html]
[demo.w3layouts.com/assets/js/resizeable.html]
[demo.w3layouts.com/assets/js/joinable.html]
[demo.w3layouts.com/assets/js/xenon-api.html]
[demo.w3layouts.com/assets/js/xenon-toggles.html]
[demo.w3layouts.com/assets/js/xenon-custom.html]
